<< CAP LS
<< PASS mdp
<< NICK jarthaud
<< USER jarthaud jarthaud localhost :Jean-loup ARTHAUD
>> CAP_ACK LS
>> PASS - valid password.You're now known as jarthaud
>> :localhost 001 jarthaud :Welcome to the Internet Relay Network jarthaud!jarthaud
<< MODE jarthaud +i
<< PING localhost
>> PONG localhost
--> lag pong
<< JOIN #mychannel
>> :localhost 403 #mychannel :No such channel
>> :jarthaud!jarthaud@localhost JOIN #mychannel
>> :localhost 331 jarthaud #mychannel :No topic is set
>> :localhost 353 jarthaud = #mychannel :@jarthaud
>> :localhost 366 jarthaud #mychannel :End of /NAMES list
<< MODE #mychannel
>> :localhost 324 jarthaud #mychannel ++
--> chanquery mode
<< WHO #mychannel
>> 
>> :jlo!jarthaud@localhost JOIN #mychannel
<< PING localhost
>> PONG localhost
--> lag pong
<< PING localhost
>> PONG localhost
--> FAILED who: chanquery abort
<< WHO #mychannel
--> lag pong
<< PING localhost
>> PONG localhost
--> lag pong
<< PING localhost
>> PONG localhost
--> FAILED who: chanquery abort
<< MODE #mychannel b
--> lag pong
<< PING localhost
>> PONG localhost
--> lag pong
<< PING localhost
>> PONG localhost
--> FAILED mode b: chanquery abort
<< MODE #mychannel b
--> lag pong
<< PING localhost
>> PONG localhost
--> lag pong
<< PING localhost
>> PONG localhost
--> FAILED mode b: chanquery abort
--> lag pong
<< QUIT :leaving
